<?xml version="1.0" encoding="UTF-8"?>
<!-- Generated by org.testng.reporters.JUnitXMLReporter -->
<testsuite ignored="0" hostname="thundera" failures="0" tests="6" name="TestAutomatizados_Indra" time="35.841" errors="0" timestamp="2023-12-19T20:20:10 GMT-03:00">
  <testcase classname="casosdetestes.CT004_Finalizar_Compra" name="logar" time="7.61"/>
  <testcase classname="casosdetestes.CT004_Finalizar_Compra" name="coletarInformacao" time="2.094"/>
  <testcase classname="casosdetestes.CT004_Finalizar_Compra" name="selecionarProduto" time="4.381"/>
  <testcase classname="casosdetestes.CT004_Finalizar_Compra" name="fazerChekout" time="12.26"/>
  <testcase classname="casosdetestes.CT004_Finalizar_Compra" name="finalizarCompra" time="5.218"/>
  <testcase classname="casosdetestes.CT004_Finalizar_Compra" name="deslogar" time="2.412"/>
</testsuite> <!-- TestAutomatizados_Indra -->
