<?xml version="1.0" encoding="UTF-8"?>
<!-- Generated by org.testng.reporters.JUnitXMLReporter -->
<testsuite ignored="0" hostname="thundera" failures="0" tests="6" name="Default test" time="39.374" errors="0" timestamp="2023-12-18T22:36:37 GMT-03:00">
  <testcase classname="casosdetestes.UC_Validarlogin" name="logar" time="4.91"/>
  <testcase classname="casosdetestes.UC_Validarlogin" name="coletarInformacao" time="3.088"/>
  <testcase classname="casosdetestes.UC_Validarlogin" name="selecionarProduto" time="6.231"/>
  <testcase classname="casosdetestes.UC_Validarlogin" name="fazerChekout" time="15.721"/>
  <testcase classname="casosdetestes.UC_Validarlogin" name="finalizarCompra" time="4.268"/>
  <testcase classname="casosdetestes.UC_Validarlogin" name="deslogar" time="3.879"/>
</testsuite> <!-- Default test -->
