<?xml version="1.0" encoding="UTF-8"?>
<robot generator="Robot 7.0 (Python 3.10.12 on linux)" generated="2024-02-01T07:43:44.573497" rpa="false" schemaversion="5">
<suite id="s1" name="Resultados" source="/home/antonio/Treinamento/RobotFramework/Resultados">
<suite id="s1-s1" name="Casos Testes" source="/home/antonio/Treinamento/RobotFramework/Resultados/casos_testes.robot">
<test id="s1-s1-t1" name="CT 001 - Validar Login" line="5">
<kw name="Open Browser To Login Page" owner="estrutura">
<kw name="Open Browser" owner="SeleniumLibrary">
<msg time="2024-02-01T07:43:44.683551" level="INFO">Opening browser 'Chrome' to base url 'https://opensource-demo.orangehrmlive.com/web/index.php/auth/login'.</msg>
<arg>${url}</arg>
<arg>${navegador}</arg>
<doc>Opens a new browser instance to the optional ``url``.</doc>
<status status="PASS" start="2024-02-01T07:43:44.683318" elapsed="14.306369"/>
</kw>
<status status="PASS" start="2024-02-01T07:43:44.682651" elapsed="14.307174"/>
</kw>
<kw name="Fechar navegador" owner="estrutura">
<kw name="Close Browser" owner="SeleniumLibrary">
<doc>Closes the current browser.</doc>
<status status="PASS" start="2024-02-01T07:43:58.990371" elapsed="0.058640"/>
</kw>
<status status="PASS" start="2024-02-01T07:43:58.990058" elapsed="0.059161"/>
</kw>
<status status="PASS" start="2024-02-01T07:43:44.682123" elapsed="14.367395"/>
</test>
<test id="s1-s1-t2" name="CT 002 - Validar Tituloe" line="9">
<kw name="Open Browser To Login Page" owner="estrutura">
<kw name="Open Browser" owner="SeleniumLibrary">
<msg time="2024-02-01T07:43:59.051365" level="INFO">Opening browser 'Chrome' to base url 'https://opensource-demo.orangehrmlive.com/web/index.php/auth/login'.</msg>
<arg>${url}</arg>
<arg>${navegador}</arg>
<doc>Opens a new browser instance to the optional ``url``.</doc>
<status status="PASS" start="2024-02-01T07:43:59.050995" elapsed="13.271028"/>
</kw>
<status status="PASS" start="2024-02-01T07:43:59.050506" elapsed="13.271655"/>
</kw>
<kw name="Verificar Titulo" owner="estrutura">
<kw name="Title Should Be" owner="SeleniumLibrary">
<msg time="2024-02-01T07:44:12.326686" level="INFO">Page title is 'OrangeHRM'.</msg>
<arg>${titulo_pagina}</arg>
<doc>Verifies that the current page title equals ``title``.</doc>
<status status="PASS" start="2024-02-01T07:44:12.322824" elapsed="0.003974"/>
</kw>
<status status="PASS" start="2024-02-01T07:44:12.322468" elapsed="0.004443"/>
</kw>
<kw name="Fechar navegador" owner="estrutura">
<kw name="Close Browser" owner="SeleniumLibrary">
<doc>Closes the current browser.</doc>
<status status="PASS" start="2024-02-01T07:44:12.327489" elapsed="0.058381"/>
</kw>
<status status="PASS" start="2024-02-01T07:44:12.327183" elapsed="0.058855"/>
</kw>
<status status="PASS" start="2024-02-01T07:43:59.049907" elapsed="13.336366"/>
</test>
<test id="s1-s1-t3" name="CT 003 - EFetuar Login" line="14">
<kw name="Open Browser To Login Page" owner="estrutura">
<kw name="Open Browser" owner="SeleniumLibrary">
<msg time="2024-02-01T07:44:12.387666" level="INFO">Opening browser 'Chrome' to base url 'https://opensource-demo.orangehrmlive.com/web/index.php/auth/login'.</msg>
<arg>${url}</arg>
<arg>${navegador}</arg>
<doc>Opens a new browser instance to the optional ``url``.</doc>
<status status="PASS" start="2024-02-01T07:44:12.387387" elapsed="12.513290"/>
</kw>
<status status="PASS" start="2024-02-01T07:44:12.387022" elapsed="12.513799"/>
</kw>
<kw name="Verificar Titulo" owner="estrutura">
<kw name="Title Should Be" owner="SeleniumLibrary">
<msg time="2024-02-01T07:44:24.905729" level="INFO">Page title is 'OrangeHRM'.</msg>
<arg>${titulo_pagina}</arg>
<doc>Verifies that the current page title equals ``title``.</doc>
<status status="PASS" start="2024-02-01T07:44:24.901419" elapsed="0.004414"/>
</kw>
<status status="PASS" start="2024-02-01T07:44:24.901088" elapsed="0.004911"/>
</kw>
<kw name="Carregar Elementos na Tela" owner="estrutura">
<kw name="Wait Until Element Is Visible" owner="SeleniumLibrary">
<arg>xpath://input[@placeholder='Username']</arg>
<doc>Waits until the element ``locator`` is visible.</doc>
<status status="PASS" start="2024-02-01T07:44:24.906615" elapsed="1.138361"/>
</kw>
<status status="PASS" start="2024-02-01T07:44:24.906242" elapsed="1.138893"/>
</kw>
<kw name="Informar Usuario" owner="estrutura">
<kw name="Click Element" owner="SeleniumLibrary">
<msg time="2024-02-01T07:44:26.046095" level="INFO">Clicking element 'xpath://input[@placeholder='Username']'.</msg>
<arg>${field_usuario}</arg>
<doc>Click the element identified by ``locator``.</doc>
<status status="PASS" start="2024-02-01T07:44:26.045826" elapsed="0.043062"/>
</kw>
<kw name="Input Text" owner="SeleniumLibrary">
<msg time="2024-02-01T07:44:26.089382" level="INFO">Typing text 'Admin' into text field 'xpath://input[@placeholder='Username']'.</msg>
<arg>${field_usuario}</arg>
<arg>${username}</arg>
<doc>Types the given ``text`` into the text field identified by ``locator``.</doc>
<status status="PASS" start="2024-02-01T07:44:26.089088" elapsed="0.059863"/>
</kw>
<arg>${username}</arg>
<status status="PASS" start="2024-02-01T07:44:26.045421" elapsed="0.103658"/>
</kw>
<kw name="Informar Senha" owner="estrutura">
<kw name="Click Element" owner="SeleniumLibrary">
<msg time="2024-02-01T07:44:26.149919" level="INFO">Clicking element 'xpath://input[@placeholder='Password']'.</msg>
<arg>${field_senha}</arg>
<doc>Click the element identified by ``locator``.</doc>
<status status="PASS" start="2024-02-01T07:44:26.149713" elapsed="0.037768"/>
</kw>
<kw name="Input Text" owner="SeleniumLibrary">
<msg time="2024-02-01T07:44:26.187981" level="INFO">Typing text 'admin123' into text field 'xpath://input[@placeholder='Password']'.</msg>
<arg>${field_senha}</arg>
<arg>${password}</arg>
<doc>Types the given ``text`` into the text field identified by ``locator``.</doc>
<status status="PASS" start="2024-02-01T07:44:26.187686" elapsed="0.053007"/>
</kw>
<arg>${password}</arg>
<status status="PASS" start="2024-02-01T07:44:26.149370" elapsed="0.091454"/>
</kw>
<kw name="Fechar navegador" owner="estrutura">
<kw name="Close Browser" owner="SeleniumLibrary">
<doc>Closes the current browser.</doc>
<status status="PASS" start="2024-02-01T07:44:26.241387" elapsed="0.079999"/>
</kw>
<status status="PASS" start="2024-02-01T07:44:26.241067" elapsed="0.080576"/>
</kw>
<status status="PASS" start="2024-02-01T07:44:12.386572" elapsed="13.935469"/>
</test>
<status status="PASS" start="2024-02-01T07:43:44.590987" elapsed="41.731987"/>
</suite>
<status status="PASS" start="2024-02-01T07:43:44.574391" elapsed="41.749896"/>
</suite>
<statistics>
<total>
<stat pass="3" fail="0" skip="0">All Tests</stat>
</total>
<tag>
</tag>
<suite>
<stat pass="3" fail="0" skip="0" id="s1" name="Resultados">Resultados</stat>
<stat pass="3" fail="0" skip="0" id="s1-s1" name="Casos Testes">Resultados.Casos Testes</stat>
</suite>
</statistics>
<errors>
</errors>
</robot>
