<?xml version="1.0" encoding="UTF-8"?>
<robot generator="Robot 7.0 (Python 3.10.12 on linux)" generated="2024-02-08T08:15:38.157330" rpa="false" schemaversion="5">
<suite id="s1" name="RobotFramework" source="/home/antonio/Treinamento/RobotFramework">
<suite id="s1-s1" name="Casos Testes" source="/home/antonio/Treinamento/RobotFramework/Casos_Testes">
<suite id="s1-s1-s1" name="CT tela admin" source="/home/antonio/Treinamento/RobotFramework/Casos_Testes/CT_tela_admin.robot">
<test id="s1-s1-s1-t1" name="CT 007 - Tela ADMIN - Realizar Pesquisa" line="13">
<kw name="Open Browser To Login Page" owner="navegar">
<kw name="Open Browser" owner="SeleniumLibrary">
<msg time="2024-02-08T08:15:38.326349" level="INFO">Opening browser 'Chrome' to base url 'https://opensource-demo.orangehrmlive.com/web/index.php/auth/login'.</msg>
<arg>${url}</arg>
<arg>${navegador}</arg>
<doc>Opens a new browser instance to the optional ``url``.</doc>
<status status="PASS" start="2024-02-08T08:15:38.326014" elapsed="5.143121"/>
</kw>
<kw name="Maximize Browser Window" owner="SeleniumLibrary">
<doc>Maximizes current browser window.</doc>
<status status="PASS" start="2024-02-08T08:15:43.469462" elapsed="0.106305"/>
</kw>
<status status="PASS" start="2024-02-08T08:15:38.325160" elapsed="5.251950"/>
</kw>
<kw name="Carregar Elementos na Tela Inicial" owner="navegar">
<kw name="Wait Until Page Contains Element" owner="SeleniumLibrary">
<msg time="2024-02-08T08:15:48.915976" level="INFO" html="true">&lt;/td&gt;&lt;/tr&gt;&lt;tr&gt;&lt;td colspan="3"&gt;&lt;a href="selenium-screenshot-113.png"&gt;&lt;img src="selenium-screenshot-113.png" width="800px"&gt;&lt;/a&gt;</msg>
<msg time="2024-02-08T08:15:48.916368" level="FAIL">Element 'xpath: //input[@placeholder='Username']' did not appear in 5 seconds.</msg>
<arg>${field_usuario}</arg>
<doc>Waits until the element ``locator`` appears on the current page.</doc>
<status status="FAIL" start="2024-02-08T08:15:43.582373" elapsed="5.336540">Element 'xpath: //input[@placeholder='Username']' did not appear in 5 seconds.</status>
</kw>
<status status="FAIL" start="2024-02-08T08:15:43.579332" elapsed="5.340213">Element 'xpath: //input[@placeholder='Username']' did not appear in 5 seconds.</status>
</kw>
<kw name="Informar Usuario/Senha Válidos" owner="logar">
<status status="NOT RUN" start="2024-02-08T08:15:48.920419" elapsed="0.000415"/>
</kw>
<kw name="Informar Senha" owner="logar">
<status status="NOT RUN" start="2024-02-08T08:15:48.921433" elapsed="0.000234"/>
</kw>
<kw name="Clicar Botao" owner="logar">
<status status="NOT RUN" start="2024-02-08T08:15:48.922068" elapsed="0.000212"/>
</kw>
<kw name="Wait Until Element Is Visible" owner="SeleniumLibrary">
<arg>${banner_titulo}</arg>
<doc>Waits until the element ``locator`` is visible.</doc>
<status status="NOT RUN" start="2024-02-08T08:15:48.922584" elapsed="0.000207"/>
</kw>
<kw name="Carregar Elementos na Tela Principal" owner="principal">
<status status="NOT RUN" start="2024-02-08T08:15:48.923176" elapsed="0.000174"/>
</kw>
<kw name="Clicar no Menu Admin" owner="pesquisar_user">
<status status="NOT RUN" start="2024-02-08T08:15:48.923738" elapsed="0.000171"/>
</kw>
<kw name="Wait Until Element Is Visible" owner="SeleniumLibrary">
<arg>${field_pesquisa}</arg>
<doc>Waits until the element ``locator`` is visible.</doc>
<status status="NOT RUN" start="2024-02-08T08:15:48.924205" elapsed="0.000151"/>
</kw>
<kw name="Acessar FiltroPesquisa" owner="pesquisar_user">
<status status="NOT RUN" start="2024-02-08T08:15:48.924691" elapsed="0.000199"/>
</kw>
<kw name="Capture Page Screenshot" owner="SeleniumLibrary">
<doc>Takes a screenshot of the current page and embeds it into a log file.</doc>
<status status="NOT RUN" start="2024-02-08T08:15:48.925165" elapsed="0.000164"/>
</kw>
<kw name="Clicar no botao Pesquisar" owner="pesquisar_user">
<status status="NOT RUN" start="2024-02-08T08:15:48.925672" elapsed="0.000143"/>
</kw>
<kw name="Fechar navegador" owner="navegar">
<status status="NOT RUN" start="2024-02-08T08:15:48.926083" elapsed="0.000131"/>
</kw>
<tag>Localizar Registro</tag>
<status status="FAIL" start="2024-02-08T08:15:38.324388" elapsed="10.602113">Element 'xpath: //input[@placeholder='Username']' did not appear in 5 seconds.</status>
</test>
<test id="s1-s1-s1-t2" name="CT 008 - Tela ADMIN - Alterar Registro" line="29">
<kw name="Open Browser To Login Page" owner="navegar">
<kw name="Open Browser" owner="SeleniumLibrary">
<msg time="2024-02-08T08:15:48.929987" level="INFO">Opening browser 'Chrome' to base url 'https://opensource-demo.orangehrmlive.com/web/index.php/auth/login'.</msg>
<arg>${url}</arg>
<arg>${navegador}</arg>
<doc>Opens a new browser instance to the optional ``url``.</doc>
<status status="PASS" start="2024-02-08T08:15:48.929451" elapsed="8.744083"/>
</kw>
<kw name="Maximize Browser Window" owner="SeleniumLibrary">
<doc>Maximizes current browser window.</doc>
<status status="PASS" start="2024-02-08T08:15:57.673812" elapsed="0.104179"/>
</kw>
<status status="PASS" start="2024-02-08T08:15:48.928287" elapsed="8.850318"/>
</kw>
<kw name="Carregar Elementos na Tela Inicial" owner="navegar">
<kw name="Wait Until Page Contains Element" owner="SeleniumLibrary">
<msg time="2024-02-08T08:16:03.153929" level="INFO" html="true">&lt;/td&gt;&lt;/tr&gt;&lt;tr&gt;&lt;td colspan="3"&gt;&lt;a href="selenium-screenshot-114.png"&gt;&lt;img src="selenium-screenshot-114.png" width="800px"&gt;&lt;/a&gt;</msg>
<msg time="2024-02-08T08:16:03.154179" level="FAIL">Element 'xpath: //input[@placeholder='Username']' did not appear in 5 seconds.</msg>
<arg>${field_usuario}</arg>
<doc>Waits until the element ``locator`` appears on the current page.</doc>
<status status="FAIL" start="2024-02-08T08:15:57.780555" elapsed="5.373909">Element 'xpath: //input[@placeholder='Username']' did not appear in 5 seconds.</status>
</kw>
<status status="FAIL" start="2024-02-08T08:15:57.779461" elapsed="5.375226">Element 'xpath: //input[@placeholder='Username']' did not appear in 5 seconds.</status>
</kw>
<kw name="Informar Usuario/Senha Válidos" owner="logar">
<status status="NOT RUN" start="2024-02-08T08:16:03.155530" elapsed="0.000178"/>
</kw>
<kw name="Informar Senha" owner="logar">
<status status="NOT RUN" start="2024-02-08T08:16:03.156089" elapsed="0.000161"/>
</kw>
<kw name="Clicar Botao" owner="logar">
<status status="NOT RUN" start="2024-02-08T08:16:03.156625" elapsed="0.000150"/>
</kw>
<kw name="Wait Until Element Is Visible" owner="SeleniumLibrary">
<arg>${banner_titulo}</arg>
<doc>Waits until the element ``locator`` is visible.</doc>
<status status="NOT RUN" start="2024-02-08T08:16:03.157029" elapsed="0.000132"/>
</kw>
<kw name="Carregar Elementos na Tela Principal" owner="principal">
<status status="NOT RUN" start="2024-02-08T08:16:03.157425" elapsed="0.000129"/>
</kw>
<kw name="Clicar no Menu Admin" owner="pesquisar_user">
<status status="NOT RUN" start="2024-02-08T08:16:03.157824" elapsed="0.000130"/>
</kw>
<kw name="Wait Until Element Is Visible" owner="SeleniumLibrary">
<arg>${field_pesquisa}</arg>
<doc>Waits until the element ``locator`` is visible.</doc>
<status status="NOT RUN" start="2024-02-08T08:16:03.158185" elapsed="0.000104"/>
</kw>
<kw name="Acessar FiltroPesquisa" owner="pesquisar_user">
<status status="NOT RUN" start="2024-02-08T08:16:03.158628" elapsed="0.000105"/>
</kw>
<kw name="Clicar no botao Pesquisar" owner="pesquisar_user">
<status status="NOT RUN" start="2024-02-08T08:16:03.158968" elapsed="0.000101"/>
</kw>
<kw name="Wait Until Element Is Visible" owner="SeleniumLibrary">
<arg>${botao_alterar}</arg>
<doc>Waits until the element ``locator`` is visible.</doc>
<status status="NOT RUN" start="2024-02-08T08:16:03.159280" elapsed="0.000101"/>
</kw>
<kw name="Capture Page Screenshot" owner="SeleniumLibrary">
<doc>Takes a screenshot of the current page and embeds it into a log file.</doc>
<status status="NOT RUN" start="2024-02-08T08:16:03.159640" elapsed="0.000100"/>
</kw>
<kw name="Clicar em Alterar" owner="alterar_user">
<status status="NOT RUN" start="2024-02-08T08:16:03.160003" elapsed="0.000102"/>
</kw>
<kw name="Fechar navegador" owner="navegar">
<status status="NOT RUN" start="2024-02-08T08:16:03.160341" elapsed="0.000100"/>
</kw>
<tag>Alterar Registro</tag>
<status status="FAIL" start="2024-02-08T08:15:48.927156" elapsed="14.233657">Element 'xpath: //input[@placeholder='Username']' did not appear in 5 seconds.</status>
</test>
<doc>Tags in Robot Framework</doc>
<status status="FAIL" start="2024-02-08T08:15:38.189627" elapsed="24.971844"/>
</suite>
<status status="FAIL" start="2024-02-08T08:15:38.186459" elapsed="24.975884"/>
</suite>
<status status="FAIL" start="2024-02-08T08:15:38.161474" elapsed="25.001623"/>
</suite>
<statistics>
<total>
<stat pass="0" fail="2" skip="0">All Tests</stat>
</total>
<tag>
<stat pass="0" fail="1" skip="0">Alterar Registro</stat>
<stat pass="0" fail="1" skip="0">Localizar Registro</stat>
</tag>
<suite>
<stat pass="0" fail="2" skip="0" id="s1" name="RobotFramework">RobotFramework</stat>
<stat pass="0" fail="2" skip="0" id="s1-s1" name="Casos Testes">RobotFramework.Casos Testes</stat>
<stat pass="0" fail="2" skip="0" id="s1-s1-s1" name="CT tela admin">RobotFramework.Casos Testes.CT tela admin</stat>
</suite>
</statistics>
<errors>
</errors>
</robot>
