<?xml version="1.0" encoding="UTF-8"?>
<robot generator="Robot 7.0 (Python 3.10.12 on linux)" generated="2024-02-08T08:15:37.451299" rpa="false" schemaversion="5">
<suite id="s1" name="CT tela admin" source="/home/antonio/Treinamento/RobotFramework/Casos_Testes/CT_tela_admin.robot">
<test id="s1-t1" name="CT 007 - Tela ADMIN - Realizar Pesquisa" line="13">
<kw name="Open Browser To Login Page" owner="navegar">
<kw name="Open Browser" owner="SeleniumLibrary">
<msg time="2024-02-08T08:15:37.606912" level="INFO">Opening browser 'Chrome' to base url 'https://opensource-demo.orangehrmlive.com/web/index.php/auth/login'.</msg>
<arg>${url}</arg>
<arg>${navegador}</arg>
<doc>Opens a new browser instance to the optional ``url``.</doc>
<status status="PASS" start="2024-02-08T08:15:37.606144" elapsed="5.185243"/>
</kw>
<kw name="Maximize Browser Window" owner="SeleniumLibrary">
<doc>Maximizes current browser window.</doc>
<status status="PASS" start="2024-02-08T08:15:42.791752" elapsed="0.107652"/>
</kw>
<status status="PASS" start="2024-02-08T08:15:37.604545" elapsed="5.296393"/>
</kw>
<kw name="Carregar Elementos na Tela Inicial" owner="navegar">
<kw name="Wait Until Page Contains Element" owner="SeleniumLibrary">
<msg time="2024-02-08T08:15:48.159523" level="INFO" html="true">&lt;/td&gt;&lt;/tr&gt;&lt;tr&gt;&lt;td colspan="3"&gt;&lt;a href="selenium-screenshot-116.png"&gt;&lt;img src="selenium-screenshot-116.png" width="800px"&gt;&lt;/a&gt;</msg>
<msg time="2024-02-08T08:15:48.159809" level="FAIL">Element 'xpath: //input[@placeholder='Username']' did not appear in 5 seconds.</msg>
<arg>${field_usuario}</arg>
<doc>Waits until the element ``locator`` appears on the current page.</doc>
<status status="FAIL" start="2024-02-08T08:15:42.906579" elapsed="5.254540">Element 'xpath: //input[@placeholder='Username']' did not appear in 5 seconds.</status>
</kw>
<status status="FAIL" start="2024-02-08T08:15:42.903594" elapsed="5.257832">Element 'xpath: //input[@placeholder='Username']' did not appear in 5 seconds.</status>
</kw>
<kw name="Informar Usuario/Senha Válidos" owner="logar">
<status status="NOT RUN" start="2024-02-08T08:15:48.161909" elapsed="0.000170"/>
</kw>
<kw name="Informar Senha" owner="logar">
<status status="NOT RUN" start="2024-02-08T08:15:48.162551" elapsed="0.000218"/>
</kw>
<kw name="Clicar Botao" owner="logar">
<status status="NOT RUN" start="2024-02-08T08:15:48.163288" elapsed="0.000187"/>
</kw>
<kw name="Wait Until Element Is Visible" owner="SeleniumLibrary">
<arg>${banner_titulo}</arg>
<doc>Waits until the element ``locator`` is visible.</doc>
<status status="NOT RUN" start="2024-02-08T08:15:48.163824" elapsed="0.000164"/>
</kw>
<kw name="Carregar Elementos na Tela Principal" owner="principal">
<status status="NOT RUN" start="2024-02-08T08:15:48.164355" elapsed="0.000147"/>
</kw>
<kw name="Clicar no Menu Admin" owner="pesquisar_user">
<status status="NOT RUN" start="2024-02-08T08:15:48.164884" elapsed="0.000210"/>
</kw>
<kw name="Wait Until Element Is Visible" owner="SeleniumLibrary">
<arg>${field_pesquisa}</arg>
<doc>Waits until the element ``locator`` is visible.</doc>
<status status="NOT RUN" start="2024-02-08T08:15:48.165415" elapsed="0.000142"/>
</kw>
<kw name="Acessar FiltroPesquisa" owner="pesquisar_user">
<status status="NOT RUN" start="2024-02-08T08:15:48.166003" elapsed="0.000193"/>
</kw>
<kw name="Capture Page Screenshot" owner="SeleniumLibrary">
<doc>Takes a screenshot of the current page and embeds it into a log file.</doc>
<status status="NOT RUN" start="2024-02-08T08:15:48.166551" elapsed="0.000186"/>
</kw>
<kw name="Clicar no botao Pesquisar" owner="pesquisar_user">
<status status="NOT RUN" start="2024-02-08T08:15:48.167115" elapsed="0.000160"/>
</kw>
<kw name="Fechar navegador" owner="navegar">
<status status="NOT RUN" start="2024-02-08T08:15:48.167595" elapsed="0.000120"/>
</kw>
<tag>Localizar Registro</tag>
<status status="FAIL" start="2024-02-08T08:15:37.603158" elapsed="10.564842">Element 'xpath: //input[@placeholder='Username']' did not appear in 5 seconds.</status>
</test>
<test id="s1-t2" name="CT 008 - Tela ADMIN - Alterar Registro" line="29">
<kw name="Open Browser To Login Page" owner="navegar">
<kw name="Open Browser" owner="SeleniumLibrary">
<msg time="2024-02-08T08:15:48.170923" level="INFO">Opening browser 'Chrome' to base url 'https://opensource-demo.orangehrmlive.com/web/index.php/auth/login'.</msg>
<arg>${url}</arg>
<arg>${navegador}</arg>
<doc>Opens a new browser instance to the optional ``url``.</doc>
<status status="PASS" start="2024-02-08T08:15:48.170473" elapsed="7.111550"/>
</kw>
<kw name="Maximize Browser Window" owner="SeleniumLibrary">
<doc>Maximizes current browser window.</doc>
<status status="PASS" start="2024-02-08T08:15:55.282409" elapsed="0.107370"/>
</kw>
<status status="PASS" start="2024-02-08T08:15:48.169900" elapsed="7.220744"/>
</kw>
<kw name="Carregar Elementos na Tela Inicial" owner="navegar">
<kw name="Wait Until Page Contains Element" owner="SeleniumLibrary">
<msg time="2024-02-08T08:16:00.672224" level="INFO" html="true">&lt;/td&gt;&lt;/tr&gt;&lt;tr&gt;&lt;td colspan="3"&gt;&lt;a href="selenium-screenshot-117.png"&gt;&lt;img src="selenium-screenshot-117.png" width="800px"&gt;&lt;/a&gt;</msg>
<msg time="2024-02-08T08:16:00.672518" level="FAIL">Element 'xpath: //input[@placeholder='Username']' did not appear in 5 seconds.</msg>
<arg>${field_usuario}</arg>
<doc>Waits until the element ``locator`` appears on the current page.</doc>
<status status="FAIL" start="2024-02-08T08:15:55.393896" elapsed="5.278957">Element 'xpath: //input[@placeholder='Username']' did not appear in 5 seconds.</status>
</kw>
<status status="FAIL" start="2024-02-08T08:15:55.392131" elapsed="5.281001">Element 'xpath: //input[@placeholder='Username']' did not appear in 5 seconds.</status>
</kw>
<kw name="Informar Usuario/Senha Válidos" owner="logar">
<status status="NOT RUN" start="2024-02-08T08:16:00.673519" elapsed="0.000167"/>
</kw>
<kw name="Informar Senha" owner="logar">
<status status="NOT RUN" start="2024-02-08T08:16:00.674008" elapsed="0.000109"/>
</kw>
<kw name="Clicar Botao" owner="logar">
<status status="NOT RUN" start="2024-02-08T08:16:00.674496" elapsed="0.000111"/>
</kw>
<kw name="Wait Until Element Is Visible" owner="SeleniumLibrary">
<arg>${banner_titulo}</arg>
<doc>Waits until the element ``locator`` is visible.</doc>
<status status="NOT RUN" start="2024-02-08T08:16:00.674867" elapsed="0.000146"/>
</kw>
<kw name="Carregar Elementos na Tela Principal" owner="principal">
<status status="NOT RUN" start="2024-02-08T08:16:00.675399" elapsed="0.000172"/>
</kw>
<kw name="Clicar no Menu Admin" owner="pesquisar_user">
<status status="NOT RUN" start="2024-02-08T08:16:00.675948" elapsed="0.000122"/>
</kw>
<kw name="Wait Until Element Is Visible" owner="SeleniumLibrary">
<arg>${field_pesquisa}</arg>
<doc>Waits until the element ``locator`` is visible.</doc>
<status status="NOT RUN" start="2024-02-08T08:16:00.676519" elapsed="0.000150"/>
</kw>
<kw name="Acessar FiltroPesquisa" owner="pesquisar_user">
<status status="NOT RUN" start="2024-02-08T08:16:00.677330" elapsed="0.000163"/>
</kw>
<kw name="Clicar no botao Pesquisar" owner="pesquisar_user">
<status status="NOT RUN" start="2024-02-08T08:16:00.678049" elapsed="0.000240"/>
</kw>
<kw name="Wait Until Element Is Visible" owner="SeleniumLibrary">
<arg>${botao_alterar}</arg>
<doc>Waits until the element ``locator`` is visible.</doc>
<status status="NOT RUN" start="2024-02-08T08:16:00.678891" elapsed="0.000273"/>
</kw>
<kw name="Capture Page Screenshot" owner="SeleniumLibrary">
<doc>Takes a screenshot of the current page and embeds it into a log file.</doc>
<status status="NOT RUN" start="2024-02-08T08:16:00.679688" elapsed="0.000215"/>
</kw>
<kw name="Clicar em Alterar" owner="alterar_user">
<status status="NOT RUN" start="2024-02-08T08:16:00.680520" elapsed="0.000221"/>
</kw>
<kw name="Fechar navegador" owner="navegar">
<status status="NOT RUN" start="2024-02-08T08:16:00.681286" elapsed="0.000187"/>
</kw>
<tag>Alterar Registro</tag>
<status status="FAIL" start="2024-02-08T08:15:48.169133" elapsed="12.512835">Element 'xpath: //input[@placeholder='Username']' did not appear in 5 seconds.</status>
</test>
<doc>Tags in Robot Framework</doc>
<status status="FAIL" start="2024-02-08T08:15:37.454146" elapsed="23.228837"/>
</suite>
<statistics>
<total>
<stat pass="0" fail="2" skip="0">All Tests</stat>
</total>
<tag>
<stat pass="0" fail="1" skip="0">Alterar Registro</stat>
<stat pass="0" fail="1" skip="0">Localizar Registro</stat>
</tag>
<suite>
<stat pass="0" fail="2" skip="0" id="s1" name="CT tela admin">CT tela admin</stat>
</suite>
</statistics>
<errors>
</errors>
</robot>
