<?xml version="1.0" encoding="UTF-8"?>
<!-- Generated by org.testng.reporters.JUnitXMLReporter -->
<testsuite ignored="0" hostname="thundera" failures="0" tests="6" name="TestAutomatizados_Indra" time="37.605" errors="0" timestamp="2023-12-19T07:27:03 GMT-03:00">
  <testcase classname="casosdetestes.CT004_Finalizar_Compra" name="logar" time="10.222"/>
  <testcase classname="casosdetestes.CT004_Finalizar_Compra" name="coletarInformacao" time="2.097"/>
  <testcase classname="casosdetestes.CT004_Finalizar_Compra" name="selecionarProduto" time="4.295"/>
  <testcase classname="casosdetestes.CT004_Finalizar_Compra" name="fazerChekout" time="11.338"/>
  <testcase classname="casosdetestes.CT004_Finalizar_Compra" name="finalizarCompra" time="5.447"/>
  <testcase classname="casosdetestes.CT004_Finalizar_Compra" name="deslogar" time="2.298"/>
</testsuite> <!-- TestAutomatizados_Indra -->
