<?xml version="1.0" encoding="UTF-8"?>
<!-- Generated by org.testng.reporters.JUnitXMLReporter -->
<testsuite ignored="0" hostname="thundera" failures="0" tests="3" name="TestAutomatizados_Indra" time="11.968" errors="0" timestamp="2023-12-18T19:08:36 GMT-03:00">
  <testcase classname="casosdetestes.UC_Validarlogin" name="logar" time="4.586"/>
  <testcase classname="casosdetestes.UC_Validarlogin" name="coletarinformacao" time="3.098"/>
  <testcase classname="casosdetestes.UC_Validarlogin" name="deslogar" time="3.102"/>
</testsuite> <!-- TestAutomatizados_Indra -->
