<?xml version="1.0" encoding="UTF-8"?>
<testng-results ignored="0" total="4" passed="4" failed="0" skipped="0">
  <reporter-output>
  </reporter-output>
  <suite started-at="2023-12-19T06:48:03 GMT-03:00" name="Default suite" finished-at="2023-12-19T06:48:18 GMT-03:00" duration-ms="15069">
    <groups>
    </groups>
    <test started-at="2023-12-19T06:48:03 GMT-03:00" name="Default test" finished-at="2023-12-19T06:48:18 GMT-03:00" duration-ms="15069">
      <class name="casosdetestes.CT_Selecionar_Produto">
        <test-method is-config="true" signature="navegar()[pri:0, instance:casosdetestes.CT_Selecionar_Produto@3e84448c]" started-at="2023-12-19T06:48:03 GMT-03:00" name="navegar" finished-at="2023-12-19T06:48:04 GMT-03:00" duration-ms="1068" status="PASS">
          <reporter-output>
          </reporter-output>
        </test-method> <!-- navegar -->
        <test-method signature="logar()[pri:0, instance:casosdetestes.CT_Selecionar_Produto@3e84448c]" started-at="2023-12-19T06:48:04 GMT-03:00" name="logar" finished-at="2023-12-19T06:48:08 GMT-03:00" duration-ms="4408" status="PASS">
          <reporter-output>
          </reporter-output>
        </test-method> <!-- logar -->
        <test-method signature="coletarInformacao()[pri:1, instance:casosdetestes.CT_Selecionar_Produto@3e84448c]" started-at="2023-12-19T06:48:08 GMT-03:00" name="coletarInformacao" finished-at="2023-12-19T06:48:11 GMT-03:00" duration-ms="2087" status="PASS">
          <reporter-output>
          </reporter-output>
        </test-method> <!-- coletarInformacao -->
        <test-method signature="selecionarProduto()[pri:2, instance:casosdetestes.CT_Selecionar_Produto@3e84448c]" started-at="2023-12-19T06:48:11 GMT-03:00" name="selecionarProduto" finished-at="2023-12-19T06:48:16 GMT-03:00" duration-ms="5267" status="PASS">
          <reporter-output>
          </reporter-output>
        </test-method> <!-- selecionarProduto -->
        <test-method signature="deslogar()[pri:3, instance:casosdetestes.CT_Selecionar_Produto@3e84448c]" started-at="2023-12-19T06:48:16 GMT-03:00" name="deslogar" finished-at="2023-12-19T06:48:18 GMT-03:00" duration-ms="2124" status="PASS">
          <reporter-output>
          </reporter-output>
        </test-method> <!-- deslogar -->
        <test-method is-config="true" signature="sair()[pri:0, instance:casosdetestes.CT_Selecionar_Produto@3e84448c]" started-at="2023-12-19T06:48:18 GMT-03:00" name="sair" finished-at="2023-12-19T06:48:18 GMT-03:00" duration-ms="71" status="PASS">
          <reporter-output>
          </reporter-output>
        </test-method> <!-- sair -->
      </class> <!-- casosdetestes.CT_Selecionar_Produto -->
    </test> <!-- Default test -->
  </suite> <!-- Default suite -->
</testng-results>
