<?xml version="1.0" encoding="UTF-8"?>
<testng-results ignored="0" total="2" passed="2" failed="0" skipped="0">
  <reporter-output>
  </reporter-output>
  <suite started-at="2023-12-25T16:52:27 GMT-03:00" name="Default suite" finished-at="2023-12-25T16:52:37 GMT-03:00" duration-ms="9572">
    <groups>
    </groups>
    <test started-at="2023-12-25T16:52:27 GMT-03:00" name="Default test" finished-at="2023-12-25T16:52:37 GMT-03:00" duration-ms="9572">
      <class name="casosdetestes.CT001_2_Validar_Login_Usuarios_Invalidos">
        <test-method is-config="true" signature="navegar()[pri:0, instance:casosdetestes.CT001_2_Validar_Login_Usuarios_Invalidos@10d307f1]" started-at="2023-12-25T16:52:27 GMT-03:00" name="navegar" finished-at="2023-12-25T16:52:30 GMT-03:00" duration-ms="2841" status="PASS">
          <reporter-output>
          </reporter-output>
        </test-method> <!-- navegar -->
        <test-method signature="CT001_2_1_LogarcomUsuariosInvalidos()[pri:0, instance:casosdetestes.CT001_2_Validar_Login_Usuarios_Invalidos@10d307f1]" started-at="2023-12-25T16:52:30 GMT-03:00" name="CT001_2_1_LogarcomUsuariosInvalidos" finished-at="2023-12-25T16:52:34 GMT-03:00" duration-ms="3413" status="PASS">
          <reporter-output>
          </reporter-output>
        </test-method> <!-- CT001_2_1_LogarcomUsuariosInvalidos -->
        <test-method signature="CT001_2_2_LogarcomUsuariosNulos()[pri:1, instance:casosdetestes.CT001_2_Validar_Login_Usuarios_Invalidos@10d307f1]" started-at="2023-12-25T16:52:34 GMT-03:00" name="CT001_2_2_LogarcomUsuariosNulos" finished-at="2023-12-25T16:52:37 GMT-03:00" duration-ms="3217" status="PASS">
          <reporter-output>
          </reporter-output>
        </test-method> <!-- CT001_2_2_LogarcomUsuariosNulos -->
        <test-method is-config="true" signature="sair()[pri:0, instance:casosdetestes.CT001_2_Validar_Login_Usuarios_Invalidos@10d307f1]" started-at="2023-12-25T16:52:37 GMT-03:00" name="sair" finished-at="2023-12-25T16:52:37 GMT-03:00" duration-ms="75" status="PASS">
          <reporter-output>
          </reporter-output>
        </test-method> <!-- sair -->
      </class> <!-- casosdetestes.CT001_2_Validar_Login_Usuarios_Invalidos -->
    </test> <!-- Default test -->
  </suite> <!-- Default suite -->
</testng-results>
