<?xml version="1.0" encoding="UTF-8"?>
<!-- Generated by org.testng.reporters.JUnitXMLReporter -->
<testsuite ignored="0" hostname="thundera" failures="0" tests="4" name="Default test" time="14.671" errors="0" timestamp="2023-12-19T11:19:33 GMT-03:00">
  <testcase classname="casosdetestes.CT002_Selecionar_Produto" name="logar" time="3.974"/>
  <testcase classname="casosdetestes.CT002_Selecionar_Produto" name="coletarInformacao" time="2.088"/>
  <testcase classname="casosdetestes.CT002_Selecionar_Produto" name="selecionarProduto" time="5.211"/>
  <testcase classname="casosdetestes.CT002_Selecionar_Produto" name="deslogar" time="2.146"/>
</testsuite> <!-- Default test -->
